<?xml version="1.0" encoding="UTF-8"?>
<!-- Generated by org.testng.reporters.JUnitReportReporter -->
<testsuite skipped="0" hostname="Vicky-PC" name="com.automation.TestNGReporting.TestCases" tests="4" failures="0" timestamp="2020-04-15T15:01:20 IST" time="0.436" errors="0">
  <testcase name="testCase4" time="0.109" classname="com.automation.TestNGReporting.TestCases"/>
  <system-out/>
  <testcase name="testCase3" time="0.109" classname="com.automation.TestNGReporting.TestCases"/>
  <system-out/>
  <testcase name="testCase2" time="0.109" classname="com.automation.TestNGReporting.TestCases"/>
  <system-out/>
  <testcase name="testCase1" time="0.109" classname="com.automation.TestNGReporting.TestCases"/>
  <system-out/>
</testsuite> <!-- com.automation.TestNGReporting.TestCases -->
