<?xml version="1.0" encoding="UTF-8"?>
<!-- Generated by org.testng.reporters.JUnitReportReporter -->
<testsuite skipped="0" hostname="Vicky-PC" name="com.automation.AppiumFramework.ecommerce_Test" tests="2" failures="0" timestamp="2020-04-02T14:49:38 IST" time="59.116" errors="0">
  <testcase name="ecomerce_Testing" time="29.726" classname="com.automation.AppiumFramework.ecommerce_Test"/>
  <system-out/>
  <testcase name="ecomerce_Testing" time="29.390" classname="com.automation.AppiumFramework.ecommerce_Test"/>
  <system-out/>
</testsuite> <!-- com.automation.AppiumFramework.ecommerce_Test -->
