<?xml version="1.0" encoding="UTF-8"?>
<!-- Generated by org.testng.reporters.JUnitReportReporter -->
<testsuite skipped="0" hostname="Vicky-PC" name="com.automation.AppiumFramework.ecommerce_Test" tests="2" failures="0" timestamp="2020-04-02T20:04:42 IST" time="83.560" errors="0">
  <testcase name="ecomerce_Testing" time="40.766" classname="com.automation.AppiumFramework.ecommerce_Test"/>
  <system-out/>
  <testcase name="ecomerce_Testing" time="42.794" classname="com.automation.AppiumFramework.ecommerce_Test"/>
  <system-out/>
</testsuite> <!-- com.automation.AppiumFramework.ecommerce_Test -->
